[2020-07-09T11:00:59.210] [DEBUG] cheese - login => username:123456,password:1111111
[2020-07-09T11:00:59.211] [DEBUG] cheese - 123456
[2020-07-09T11:00:59.217] [DEBUG] cheese - null
[2020-07-09T11:00:59.217] [DEBUG] cheese - null
[2020-07-09T11:01:05.283] [DEBUG] cheese - login => username:admin,password:123456
[2020-07-09T11:01:05.283] [DEBUG] cheese - admin
[2020-07-09T11:01:05.287] [DEBUG] cheese - null
[2020-07-09T11:01:05.287] [DEBUG] cheese - null
[2020-07-09T11:01:07.411] [DEBUG] cheese - login => username:admin,password:123456
[2020-07-09T11:01:07.411] [DEBUG] cheese - admin
[2020-07-09T11:01:07.414] [DEBUG] cheese - null
[2020-07-09T11:01:07.414] [DEBUG] cheese - null
[2020-07-09T11:01:30.399] [DEBUG] cheese - login => username:admin,password:123456
[2020-07-09T11:01:30.399] [DEBUG] cheese - admin
[2020-07-09T11:01:30.401] [DEBUG] cheese - null
[2020-07-09T11:01:30.401] [DEBUG] cheese - null
[2020-07-09T11:01:45.886] [DEBUG] cheese - login => username:admin,password:123456
[2020-07-09T11:01:45.886] [DEBUG] cheese - admin
[2020-07-09T11:01:45.888] [DEBUG] cheese - null
[2020-07-09T11:01:45.888] [DEBUG] cheese - null
